<?xml version="1.0" encoding="UTF-8"?>
<!-- Generated by org.testng.reporters.JUnitReportReporter -->
<testsuite hostname="DESKTOP-3D1SR3J" failures="0" tests="1" name="org.example.AppTest" time="0.008" errors="0" timestamp="2021-01-03T12:48:32 MYT" skipped="0">
  <testcase classname="org.example.AppTest" name="shouldAnswerWithTrue" time="0.008"/>
  <system-out/>
</testsuite> <!-- org.example.AppTest -->
